<?xml version="1.0" encoding="UTF-8"?>
<!-- Generated by org.testng.reporters.JUnitReportReporter -->
<testsuite name="com.hybridFramework.homepage.TestDaataDrivenScript1" tests="3" time="20.409" ignored="0" failures="0" timestamp="26 Jun 2018 08:07:19 GMT" skipped="0" hostname="Sanjeev-India" errors="0">
  <testcase name="testLogin" time="9.491" classname="com.hybridFramework.homepage.TestDaataDrivenScript1"/>
  <testcase name="testLogin" time="7.460" classname="com.hybridFramework.homepage.TestDaataDrivenScript1"/>
  <testcase name="testLogin" time="3.458" classname="com.hybridFramework.homepage.TestDaataDrivenScript1"/>
</testsuite> <!-- com.hybridFramework.homepage.TestDaataDrivenScript1 -->
