<?xml version="1.0" encoding="UTF-8"?>
<!-- Generated by org.testng.reporters.JUnitReportReporter -->
<testsuite name="com.hybridFramework.homepage.TestDataDriverScript" tests="7" time="34.929" ignored="0" failures="0" timestamp="08 Apr 2018 07:45:36 GMT" skipped="0" hostname="Sanjeev-India" errors="0">
  <testcase name="testLogin" time="28.435" classname="com.hybridFramework.homepage.TestDataDriverScript"/>
  <testcase name="testLogin" time="0.951" classname="com.hybridFramework.homepage.TestDataDriverScript"/>
  <testcase name="testLogin" time="1.020" classname="com.hybridFramework.homepage.TestDataDriverScript"/>
  <testcase name="testLogin" time="1.306" classname="com.hybridFramework.homepage.TestDataDriverScript"/>
  <testcase name="testLogin" time="1.043" classname="com.hybridFramework.homepage.TestDataDriverScript"/>
  <testcase name="testLogin" time="1.048" classname="com.hybridFramework.homepage.TestDataDriverScript"/>
  <testcase name="testLogin" time="1.126" classname="com.hybridFramework.homepage.TestDataDriverScript"/>
</testsuite> <!-- com.hybridFramework.homepage.TestDataDriverScript -->
