<?xml version="1.0" encoding="UTF-8"?>
<!-- Generated by org.testng.reporters.JUnitReportReporter -->
<testsuite name="com.hybridFramework.homepage.TestDaataDrivenScript1" tests="3" time="31.775" ignored="0" failures="0" timestamp="08 Apr 2018 07:19:42 GMT" skipped="0" hostname="Sanjeev-India" errors="0">
  <testcase name="testLogin" time="28.719" classname="com.hybridFramework.homepage.TestDaataDrivenScript1"/>
  <testcase name="testLogin" time="1.620" classname="com.hybridFramework.homepage.TestDaataDrivenScript1"/>
  <testcase name="testLogin" time="1.436" classname="com.hybridFramework.homepage.TestDaataDrivenScript1"/>
</testsuite> <!-- com.hybridFramework.homepage.TestDaataDrivenScript1 -->
